{
  "RSpec": {
    "coverage": {
      "/home/whiti/Pulpit/Ruby/gitrepo/RubyStuff/Platnosc/lib/platnosc.rb": [
        null,
        1,
        null,
        1,
        4,
        12,
        null,
        null,
        null,
        4,
        null,
        null,
        1,
        3,
        3,
        null,
        3,
        0,
        null,
        3,
        null,
        null,
        null,
        null,
        null,
        1,
        0,
        0,
        0,
        null,
        1,
        0,
        0,
        null,
        1,
        0,
        0,
        null,
        null,
        1,
        0,
        0,
        0,
        null,
        null,
        1,
        null,
        0,
        0,
        0,
        null,
        null,
        1,
        0,
        null,
        1,
        0,
        null,
        1,
        0,
        null,
        null,
        1,
        0,
        null,
        1,
        0,
        null,
        1,
        0,
        null,
        null,
        1,
        0,
        null,
        null,
        1,
        0,
        null,
        1,
        0,
        null,
        null,
        1,
        0,
        null,
        null,
        1,
        0,
        null,
        1,
        0,
        null,
        null,
        null,
        null,
        null,
        null
      ]
    },
    "timestamp": 1416863334
  }
}
