{
  "RSpec": {
    "coverage": {
      "/home/whiti/Pulpit/Najnowszeruby/RubyStuff/Platnosc/lib/platnosc.rb": [
        null,
        1,
        null,
        1,
        10,
        30,
        null,
        null,
        null,
        10,
        null,
        null,
        1,
        3,
        3,
        null,
        3,
        0,
        null,
        3,
        null,
        null,
        null,
        null,
        1,
        0,
        null,
        null,
        null,
        1,
        2,
        null,
        2,
        null,
        1,
        0,
        0,
        null,
        1,
        0,
        0,
        null,
        null,
        1,
        2,
        2,
        2,
        null,
        null,
        1,
        null,
        2,
        2,
        2,
        null,
        null,
        1,
        0,
        null,
        1,
        0,
        null,
        1,
        0,
        null,
        null,
        1,
        0,
        null,
        1,
        0,
        null,
        1,
        0,
        null,
        null,
        1,
        0,
        null,
        null,
        1,
        0,
        null,
        1,
        0,
        null,
        null,
        1,
        0,
        null,
        null,
        1,
        0,
        null,
        1,
        0,
        null,
        null,
        null,
        null,
        null,
        null
      ]
    },
    "timestamp": 1417373232
  }
}
